E:\教学\并行计算课程内容\并行计算PPT和示例代码\PRODUCT_CONSUME\DEBUG\PRODUCT_CONSUME.EXE
E:\教学\并行计算课程内容\并行计算PPT和示例代码\PRODUCT_CONSUME\DEBUG\PRODUCT_CONSUME.ILK
E:\教学\并行计算课程内容\并行计算PPT和示例代码\PRODUCT_CONSUME\DEBUG\PRODUCT_CONSUME.PDB
E:\教学\并行计算课程内容\并行计算PPT和示例代码\PRODUCT_CONSUME\PRODUCT_CONSUME\DEBUG\BUFFERPOOL.OBJ
E:\教学\并行计算课程内容\并行计算ppt和示例代码\product_consume\product_consume\Debug\cl.command.1.tlog
E:\教学\并行计算课程内容\并行计算ppt和示例代码\product_consume\product_consume\Debug\CL.read.1.tlog
E:\教学\并行计算课程内容\并行计算ppt和示例代码\product_consume\product_consume\Debug\CL.write.1.tlog
E:\教学\并行计算课程内容\并行计算PPT和示例代码\PRODUCT_CONSUME\PRODUCT_CONSUME\DEBUG\CONSUME.OBJ
E:\教学\并行计算课程内容\并行计算ppt和示例代码\product_consume\product_consume\Debug\link.7724.read.1.tlog
E:\教学\并行计算课程内容\并行计算ppt和示例代码\product_consume\product_consume\Debug\link.7724.write.1.tlog
E:\教学\并行计算课程内容\并行计算ppt和示例代码\product_consume\product_consume\Debug\link.7724-cvtres.read.1.tlog
E:\教学\并行计算课程内容\并行计算ppt和示例代码\product_consume\product_consume\Debug\link.7724-cvtres.write.1.tlog
E:\教学\并行计算课程内容\并行计算ppt和示例代码\product_consume\product_consume\Debug\link.8040.read.1.tlog
E:\教学\并行计算课程内容\并行计算ppt和示例代码\product_consume\product_consume\Debug\link.8040.write.1.tlog
E:\教学\并行计算课程内容\并行计算ppt和示例代码\product_consume\product_consume\Debug\link.8040-cvtres.read.1.tlog
E:\教学\并行计算课程内容\并行计算ppt和示例代码\product_consume\product_consume\Debug\link.8040-cvtres.write.1.tlog
E:\教学\并行计算课程内容\并行计算ppt和示例代码\product_consume\product_consume\Debug\link.command.1.tlog
E:\教学\并行计算课程内容\并行计算ppt和示例代码\product_consume\product_consume\Debug\link.read.1.tlog
E:\教学\并行计算课程内容\并行计算ppt和示例代码\product_consume\product_consume\Debug\link.write.1.tlog
E:\教学\并行计算课程内容\并行计算PPT和示例代码\PRODUCT_CONSUME\PRODUCT_CONSUME\DEBUG\MAIN_PRG.OBJ
E:\教学\并行计算课程内容\并行计算ppt和示例代码\product_consume\product_consume\Debug\mt.command.1.tlog
E:\教学\并行计算课程内容\并行计算ppt和示例代码\product_consume\product_consume\Debug\mt.read.1.tlog
E:\教学\并行计算课程内容\并行计算ppt和示例代码\product_consume\product_consume\Debug\mt.write.1.tlog
E:\教学\并行计算课程内容\并行计算PPT和示例代码\PRODUCT_CONSUME\PRODUCT_CONSUME\DEBUG\PRODUCT.OBJ
E:\教学\并行计算课程内容\并行计算PPT和示例代码\PRODUCT_CONSUME\PRODUCT_CONSUME\DEBUG\PRODUCT_CONSUME.EXE.EMBED.MANIFEST
E:\教学\并行计算课程内容\并行计算PPT和示例代码\PRODUCT_CONSUME\PRODUCT_CONSUME\DEBUG\PRODUCT_CONSUME.EXE.EMBED.MANIFEST.RES
E:\教学\并行计算课程内容\并行计算PPT和示例代码\PRODUCT_CONSUME\PRODUCT_CONSUME\DEBUG\PRODUCT_CONSUME.EXE.INTERMEDIATE.MANIFEST
E:\教学\并行计算课程内容\并行计算ppt和示例代码\product_consume\product_consume\Debug\product_consume.write.1.tlog
E:\教学\并行计算课程内容\并行计算ppt和示例代码\product_consume\product_consume\Debug\product_consume_manifest.rc
E:\教学\并行计算课程内容\并行计算ppt和示例代码\product_consume\product_consume\Debug\rc.command.1.tlog
E:\教学\并行计算课程内容\并行计算ppt和示例代码\product_consume\product_consume\Debug\rc.read.1.tlog
E:\教学\并行计算课程内容\并行计算ppt和示例代码\product_consume\product_consume\Debug\rc.write.1.tlog
E:\教学\并行计算课程内容\并行计算ppt和示例代码\product_consume\product_consume\Debug\vc100.idb
E:\教学\并行计算课程内容\并行计算PPT和示例代码\PRODUCT_CONSUME\PRODUCT_CONSUME\DEBUG\VC100.PDB
